<?xml version="1.0" encoding="UTF-8"?>
<testng-results skipped="0" failed="0" total="2" passed="2">
  <reporter-output>
  </reporter-output>
  <suite name="Suite" duration-ms="24779" started-at="2018-09-16T20:23:10Z" finished-at="2018-09-16T20:23:35Z">
    <groups>
    </groups>
    <test name="Test" duration-ms="24779" started-at="2018-09-16T20:23:10Z" finished-at="2018-09-16T20:23:35Z">
      <class name="testCases.VerifyLoginPageWithReports1">
        <test-method status="PASS" signature="setUp()[pri:0, instance:testCases.VerifyLoginPageWithReports1@10375b3]" name="setUp" is-config="true" duration-ms="8538" started-at="2018-09-16T16:23:10Z" finished-at="2018-09-16T16:23:18Z">
          <reporter-output>
          </reporter-output>
        </test-method> <!-- setUp -->
        <test-method status="PASS" signature="checkLandingPage()[pri:0, instance:testCases.VerifyLoginPageWithReports1@10375b3]" name="checkLandingPage" duration-ms="7185" started-at="2018-09-16T16:23:18Z" finished-at="2018-09-16T16:23:26Z">
          <reporter-output>
          </reporter-output>
        </test-method> <!-- checkLandingPage -->
        <test-method status="PASS" signature="tearDown(org.testng.ITestResult)[pri:0, instance:testCases.VerifyLoginPageWithReports1@10375b3]" name="tearDown" is-config="true" duration-ms="1213" started-at="2018-09-16T16:23:26Z" finished-at="2018-09-16T16:23:27Z">
          <params>
            <param index="0">
              <value>
                <![CDATA[[TestResult name=checkLandingPage status=SUCCESS method=VerifyLoginPageWithReports1.checkLandingPage()[pri:0, instance:testCases.VerifyLoginPageWithReports1@10375b3] output={null}]]]>
              </value>
            </param>
          </params>
          <reporter-output>
          </reporter-output>
        </test-method> <!-- tearDown -->
      </class> <!-- testCases.VerifyLoginPageWithReports1 -->
      <class name="testCases.VerifyLandingPage">
        <test-method status="PASS" signature="setUp()[pri:0, instance:testCases.VerifyLandingPage@1e4cb85]" name="setUp" is-config="true" duration-ms="7037" started-at="2018-09-16T16:23:27Z" finished-at="2018-09-16T16:23:34Z">
          <reporter-output>
          </reporter-output>
        </test-method> <!-- setUp -->
        <test-method status="PASS" signature="checkLandingPage()[pri:0, instance:testCases.VerifyLandingPage@1e4cb85]" name="checkLandingPage" duration-ms="8" started-at="2018-09-16T16:23:34Z" finished-at="2018-09-16T16:23:34Z">
          <reporter-output>
          </reporter-output>
        </test-method> <!-- checkLandingPage -->
        <test-method status="PASS" signature="tearDown()[pri:0, instance:testCases.VerifyLandingPage@1e4cb85]" name="tearDown" is-config="true" duration-ms="786" started-at="2018-09-16T16:23:34Z" finished-at="2018-09-16T16:23:35Z">
          <reporter-output>
          </reporter-output>
        </test-method> <!-- tearDown -->
      </class> <!-- testCases.VerifyLandingPage -->
    </test> <!-- Test -->
  </suite> <!-- Suite -->
</testng-results>
